::1 - - [28/May/2022:13:54:17 +0700] "GET /index.php HTTP/1.1" 200 70345
::1 - - [28/May/2022:13:55:17 +0700] "-" 408 -
::1 - - [28/May/2022:13:58:32 +0700] "GET /index.php HTTP/1.1" 200 69688
::1 - - [28/May/2022:13:59:32 +0700] "-" 408 -
::1 - - [28/May/2022:14:15:27 +0700] "GET /index.php HTTP/1.1" 200 248
::1 - - [28/May/2022:14:16:27 +0700] "-" 408 -
::1 - - [28/May/2022:14:17:00 +0700] "GET /index.html HTTP/1.1" 200 616
::1 - - [28/May/2022:14:17:12 +0700] "GET /display.php?firstname=Kek&lastname=Kekow HTTP/1.1" 404 196
::1 - - [28/May/2022:14:18:12 +0700] "-" 408 -
::1 - - [28/May/2022:14:18:13 +0700] "GET /index.html HTTP/1.1" 304 -
::1 - - [28/May/2022:14:18:14 +0700] "GET /index.html HTTP/1.1" 304 -
::1 - - [28/May/2022:14:18:15 +0700] "GET /index.html HTTP/1.1" 304 -
::1 - - [28/May/2022:14:18:16 +0700] "GET /index.html HTTP/1.1" 304 -
::1 - - [28/May/2022:14:19:12 +0700] "-" 408 -
::1 - - [28/May/2022:14:20:29 +0700] "GET /index.html HTTP/1.1" 200 615
::1 - - [28/May/2022:14:20:30 +0700] "GET /index.html HTTP/1.1" 304 -
::1 - - [28/May/2022:14:20:32 +0700] "POST /display.php HTTP/1.1" 404 196
::1 - - [28/May/2022:14:21:29 +0700] "-" 408 -
::1 - - [28/May/2022:14:21:59 +0700] "GET /index.html HTTP/1.1" 304 -
::1 - - [28/May/2022:14:22:02 +0700] "POST /display.php HTTP/1.1" 200 31
::1 - - [28/May/2022:14:22:56 +0700] "-" 408 -
::1 - - [28/May/2022:14:23:14 +0700] "GET /index.html HTTP/1.1" 304 -
::1 - - [28/May/2022:14:24:08 +0700] "-" 408 -
::1 - - [28/May/2022:14:26:20 +0700] "GET /index.html HTTP/1.1" 304 -
::1 - - [28/May/2022:14:26:24 +0700] "POST /display.php HTTP/1.1" 200 37
::1 - - [28/May/2022:14:26:33 +0700] "GET /index.html HTTP/1.1" 304 -
::1 - - [28/May/2022:14:27:32 +0700] "-" 408 -
::1 - - [28/May/2022:14:27:53 +0700] "POST /display.php HTTP/1.1" 200 37
::1 - - [28/May/2022:14:27:56 +0700] "GET /index.html HTTP/1.1" 304 -
::1 - - [28/May/2022:14:28:53 +0700] "-" 408 -
::1 - - [28/May/2022:14:29:51 +0700] "GET /index.html HTTP/1.1" 200 615
::1 - - [28/May/2022:14:30:04 +0700] "GET /index.html HTTP/1.1" 200 615
::1 - - [28/May/2022:14:31:04 +0700] "-" 408 -
::1 - - [28/May/2022:14:36:54 +0700] "GET /hello.php HTTP/1.1" 200 20
::1 - - [28/May/2022:14:37:54 +0700] "-" 408 -
::1 - - [28/May/2022:14:40:56 +0700] "GET /hello.php HTTP/1.1" 200 215
::1 - - [28/May/2022:14:41:56 +0700] "-" 408 -
::1 - - [28/May/2022:14:46:54 +0700] "GET /hello.php HTTP/1.1" 200 332
::1 - - [28/May/2022:14:47:07 +0700] "GET /hello.php HTTP/1.1" 200 332
::1 - - [28/May/2022:14:48:07 +0700] "-" 408 -
::1 - - [28/May/2022:14:49:33 +0700] "GET /hello.php HTTP/1.1" 200 274
::1 - - [28/May/2022:14:50:33 +0700] "-" 408 -
::1 - - [28/May/2022:14:51:10 +0700] "GET /hello.php HTTP/1.1" 200 382
::1 - - [28/May/2022:14:51:24 +0700] "GET /hello.php HTTP/1.1" 200 387
::1 - - [28/May/2022:14:52:14 +0700] "GET /hello.php HTTP/1.1" 200 392
::1 - - [28/May/2022:14:52:54 +0700] "GET /hello.php HTTP/1.1" 200 297
::1 - - [28/May/2022:14:53:54 +0700] "-" 408 -
